<?xml version="1.0" encoding="UTF-8"?>
<!-- Generated by org.testng.reporters.JUnitReportReporter -->
<testsuite skipped="0" hostname="DESKTOP-0VU0TA3" name="com.nopcommerce.login.Level_17_Sorting_Product" tests="2" failures="0" timestamp="27 Jun 2021 10:02:34 GMT" time="17.328" errors="0">
  <testcase name="Sorting_01_Sort_By_Product_Name" time="9.027" classname="com.nopcommerce.login.Level_17_Sorting_Product"/>
  <testcase name="Sorting_02_Sort_By_Price" time="8.301" classname="com.nopcommerce.login.Level_17_Sorting_Product"/>
</testsuite> <!-- com.nopcommerce.login.Level_17_Sorting_Product -->
